{
  "RSpec": {
    "coverage": {
      "/home/wisconsinsara-30418/code/labs/tic-tac-toe-rb-ruby-intro-kwk/lib/tic_tac_toe.rb": [
        null,
        null,
        1,
        null,
        null,
        null,
        null,
        null,
        null,
        null,
        null,
        null,
        null,
        null,
        1,
        21,
        21,
        21,
        21,
        21,
        null,
        null,
        null,
        1,
        23,
        null,
        null,
        null,
        1,
        22,
        null,
        null,
        1,
        27,
        null,
        null,
        null,
        null,
        1,
        23,
        null,
        null,
        1,
        20,
        20,
        20,
        20,
        19,
        19,
        null,
        1,
        null,
        null,
        null,
        1,
        21,
        null,
        21,
        189,
        31,
        null,
        null,
        null,
        21,
        null,
        null,
        1,
        20,
        null,
        null,
        null,
        null,
        1,
        53,
        null,
        356,
        356,
        356,
        null,
        356,
        356,
        356,
        null,
        356,
        18,
        null,
        null,
        null,
        null,
        35,
        null,
        null,
        1,
        26,
        112,
        null,
        null,
        null,
        1,
        16,
        null,
        null,
        1,
        21,
        null,
        null,
        null,
        1,
        7,
        null,
        7,
        6,
        null,
        null,
        null,
        null,
        null,
        null,
        1,
        null,
        12,
        17,
        null,
        null,
        12,
        5,
        null,
        7,
        null,
        null,
        null
      ]
    },
    "timestamp": 1483073484
  }
}
